{"index":{"_index":"winlogbeat-7.4.2"}}
{"@timestamp":"2019-11-12T14:06:00.630Z","agent":{"type":"winlogbeat","ephemeral_id":"943baae3-5fc9-4280-9619-97341f986923","hostname":"DESKTOP-QO518JF","id":"08ae2f01-6412-4a03-82c4-8b0f05bb8cd7","version":"7.4.2"},"ecs":{"version":"1.1.0"},"winlog":{"provider_guid":"{555908d1-a6d7-4695-8e1e-26931d2012f4}","process":{"pid":672,"thread":{"id":676}},"record_id":3437,"keywords":["Classic"],"event_id":7026,"task":"","api":"wineventlog","channel":"System","provider_name":"Service Control Manager","event_data":{"param1":"\ndam"},"computer_name":"DESKTOP-QO518JF"},"event":{"kind":"event","code":7026,"created":"2019-11-12T14:20:43.743Z"},"log":{"level":"information"},"message":"The following boot-start or system-start driver(s) did not load: \ndam","host":{"name":"DESKTOP-QO518JF","id":"637ca163-9857-4d1e-8621-c92e15fd3515","hostname":"DESKTOP-QO518JF","architecture":"x86_64","os":{"kernel":"10.0.18362.418 (WinBuild.160101.0800)","build":"18362.418","platform":"windows","version":"10.0","family":"windows","name":"Windows 10 Pro"}}}
{"index":{"_index":"winlogbeat-7.4.2"}}
{"@timestamp":"2019-11-12T14:06:02.673Z","host":{"name":"DESKTOP-QO518JF","hostname":"DESKTOP-QO518JF","architecture":"x86_64","os":{"build":"18362.418","platform":"windows","version":"10.0","family":"windows","name":"Windows 10 Pro","kernel":"10.0.18362.418 (WinBuild.160101.0800)"},"id":"637ca163-9857-4d1e-8621-c92e15fd3515"},"agent":{"hostname":"DESKTOP-QO518JF","id":"08ae2f01-6412-4a03-82c4-8b0f05bb8cd7","version":"7.4.2","type":"winlogbeat","ephemeral_id":"943baae3-5fc9-4280-9619-97341f986923"},"winlog":{"task":"","record_id":3438,"event_data":{"DirtyPages":"955","HiveNameLength":"45","HiveName":"\\??\\C:\\Windows\\AppCompat\\Programs\\Amcache.hve","KeysUpdated":"2317"},"computer_name":"DESKTOP-QO518JF","user":{"identifier":"S-1-5-18","name":"SYSTEM","domain":"NT AUTHORITY","type":"Well Known Group"},"channel":"System","opcode":"Info","provider_guid":"{a68ca8b7-004f-d7b6-a698-07e2de0f1f5d}","process":{"pid":2308,"thread":{"id":1044}},"event_id":16,"api":"wineventlog","provider_name":"Microsoft-Windows-Kernel-General"},"event":{"kind":"event","code":16,"created":"2019-11-12T14:20:43.743Z"},"log":{"level":"information"},"message":"The access history in hive \\??\\C:\\Windows\\AppCompat\\Programs\\Amcache.hve was cleared updating 2317 keys and creating 955 modified pages.","ecs":{"version":"1.1.0"}}
{"index":{"_index":"winlogbeat-7.4.2"}}
{"@timestamp":"2019-11-12T14:06:03.284Z","message":"The access history in hive \\SystemRoot\\System32\\config\\DRIVERS was cleared updating 452 keys and creating 63 modified pages.","agent":{"ephemeral_id":"943baae3-5fc9-4280-9619-97341f986923","hostname":"DESKTOP-QO518JF","id":"08ae2f01-6412-4a03-82c4-8b0f05bb8cd7","version":"7.4.2","type":"winlogbeat"},"ecs":{"version":"1.1.0"},"host":{"architecture":"x86_64","os":{"name":"Windows 10 Pro","kernel":"10.0.18362.418 (WinBuild.160101.0800)","build":"18362.418","platform":"windows","version":"10.0","family":"windows"},"name":"DESKTOP-QO518JF","id":"637ca163-9857-4d1e-8621-c92e15fd3515","hostname":"DESKTOP-QO518JF"},"winlog":{"provider_name":"Microsoft-Windows-Kernel-General","process":{"thread":{"id":300},"pid":4},"channel":"System","opcode":"Info","user":{"domain":"NT AUTHORITY","type":"Well Known Group","identifier":"S-1-5-18","name":"SYSTEM"},"record_id":3439,"task":"","api":"wineventlog","provider_guid":"{a68ca8b7-004f-d7b6-a698-07e2de0f1f5d}","event_data":{"KeysUpdated":"452","DirtyPages":"63","HiveNameLength":"35","HiveName":"\\SystemRoot\\System32\\config\\DRIVERS"},"event_id":16,"computer_name":"DESKTOP-QO518JF"},"event":{"created":"2019-11-12T14:20:43.743Z","kind":"event","code":16},"log":{"level":"information"}}
{"index":{"_index":"winlogbeat-7.4.2"}}
{"@timestamp":"2019-11-12T14:06:06.177Z","winlog":{"task":"","event_id":16,"provider_name":"Microsoft-Windows-Kernel-General","api":"wineventlog","computer_name":"DESKTOP-QO518JF","provider_guid":"{a68ca8b7-004f-d7b6-a698-07e2de0f1f5d}","process":{"pid":4408,"thread":{"id":4476}},"user":{"name":"SYSTEM","domain":"NT AUTHORITY","type":"Well Known Group","identifier":"S-1-5-18"},"record_id":3440,"opcode":"Info","event_data":{"HiveNameLength":"118","HiveName":"\\??\\C:\\Users\\John\\AppData\\Local\\Packages\\Microsoft.Windows.StartMenuExperienceHost_cw5n1h2txyewy\\Settings\\settings.dat","KeysUpdated":"3","DirtyPages":"1"},"channel":"System"},"event":{"code":16,"created":"2019-11-12T14:20:43.743Z","kind":"event"},"log":{"level":"information"},"message":"The access history in hive \\??\\C:\\Users\\John\\AppData\\Local\\Packages\\Microsoft.Windows.StartMenuExperienceHost_cw5n1h2txyewy\\Settings\\settings.dat was cleared updating 3 keys and creating 1 modified pages.","ecs":{"version":"1.1.0"},"host":{"name":"DESKTOP-QO518JF","hostname":"DESKTOP-QO518JF","architecture":"x86_64","os":{"kernel":"10.0.18362.418 (WinBuild.160101.0800)","build":"18362.418","platform":"windows","version":"10.0","family":"windows","name":"Windows 10 Pro"},"id":"637ca163-9857-4d1e-8621-c92e15fd3515"},"agent":{"version":"7.4.2","type":"winlogbeat","ephemeral_id":"943baae3-5fc9-4280-9619-97341f986923","hostname":"DESKTOP-QO518JF","id":"08ae2f01-6412-4a03-82c4-8b0f05bb8cd7"}}
{"index":{"_index":"winlogbeat-7.4.2"}}
{"@timestamp":"2019-11-12T14:06:06.803Z","host":{"name":"DESKTOP-QO518JF","id":"637ca163-9857-4d1e-8621-c92e15fd3515","hostname":"DESKTOP-QO518JF","architecture":"x86_64","os":{"family":"windows","name":"Windows 10 Pro","kernel":"10.0.18362.418 (WinBuild.160101.0800)","build":"18362.418","platform":"windows","version":"10.0"}},"agent":{"hostname":"DESKTOP-QO518JF","id":"08ae2f01-6412-4a03-82c4-8b0f05bb8cd7","version":"7.4.2","type":"winlogbeat","ephemeral_id":"943baae3-5fc9-4280-9619-97341f986923"},"winlog":{"opcode":"Info","provider_guid":"{a68ca8b7-004f-d7b6-a698-07e2de0f1f5d}","task":"","api":"wineventlog","event_data":{"KeysUpdated":"36","DirtyPages":"8","HiveNameLength":"102","HiveName":"\\??\\C:\\Users\\John\\AppData\\Local\\Packages\\Microsoft.Windows.Cortana_cw5n1h2txyewy\\Settings\\settings.dat"},"event_id":16,"channel":"System","provider_name":"Microsoft-Windows-Kernel-General","user":{"type":"Well Known Group","identifier":"S-1-5-18","name":"SYSTEM","domain":"NT AUTHORITY"},"record_id":3441,"computer_name":"DESKTOP-QO518JF","process":{"pid":4724,"thread":{"id":4788}}},"event":{"kind":"event","code":16,"created":"2019-11-12T14:20:43.743Z"},"log":{"level":"information"},"message":"The access history in hive \\??\\C:\\Users\\John\\AppData\\Local\\Packages\\Microsoft.Windows.Cortana_cw5n1h2txyewy\\Settings\\settings.dat was cleared updating 36 keys and creating 8 modified pages.","ecs":{"version":"1.1.0"}}
{"index":{"_index":"winlogbeat-7.4.2"}}
{"@timestamp":"2019-11-12T14:06:08.025Z","event":{"code":16,"created":"2019-11-12T14:20:43.743Z","kind":"event"},"log":{"level":"information"},"message":"The access history in hive \\??\\C:\\Users\\John\\AppData\\Local\\Packages\\Microsoft.MicrosoftEdge_8wekyb3d8bbwe\\Settings\\settings.dat was cleared updating 4 keys and creating 1 modified pages.","ecs":{"version":"1.1.0"},"host":{"architecture":"x86_64","os":{"family":"windows","name":"Windows 10 Pro","kernel":"10.0.18362.418 (WinBuild.160101.0800)","build":"18362.418","platform":"windows","version":"10.0"},"id":"637ca163-9857-4d1e-8621-c92e15fd3515","name":"DESKTOP-QO518JF","hostname":"DESKTOP-QO518JF"},"agent":{"ephemeral_id":"943baae3-5fc9-4280-9619-97341f986923","hostname":"DESKTOP-QO518JF","id":"08ae2f01-6412-4a03-82c4-8b0f05bb8cd7","version":"7.4.2","type":"winlogbeat"},"winlog":{"user":{"domain":"NT AUTHORITY","type":"Well Known Group","identifier":"S-1-5-18","name":"SYSTEM"},"channel":"System","computer_name":"DESKTOP-QO518JF","event_id":16,"provider_guid":"{a68ca8b7-004f-d7b6-a698-07e2de0f1f5d}","event_data":{"HiveNameLength":"100","HiveName":"\\??\\C:\\Users\\John\\AppData\\Local\\Packages\\Microsoft.MicrosoftEdge_8wekyb3d8bbwe\\Settings\\settings.dat","KeysUpdated":"4","DirtyPages":"1"},"task":"","api":"wineventlog","process":{"pid":5164,"thread":{"id":5336}},"provider_name":"Microsoft-Windows-Kernel-General","record_id":3442,"opcode":"Info"}}
{"index":{"_index":"winlogbeat-7.4.2"}}
{"@timestamp":"2019-11-12T14:06:08.602Z","log":{"level":"information"},"message":"The access history in hive \\??\\C:\\Users\\John\\AppData\\Local\\Packages\\Microsoft.AAD.BrokerPlugin_cw5n1h2txyewy\\Settings\\settings.dat was cleared updating 5 keys and creating 1 modified pages.","winlog":{"provider_guid":"{a68ca8b7-004f-d7b6-a698-07e2de0f1f5d}","user":{"identifier":"S-1-5-18","name":"SYSTEM","domain":"NT AUTHORITY","type":"Well Known Group"},"task":"","opcode":"Info","event_id":16,"provider_name":"Microsoft-Windows-Kernel-General","api":"wineventlog","computer_name":"DESKTOP-QO518JF","record_id":3443,"event_data":{"HiveNameLength":"103","HiveName":"\\??\\C:\\Users\\John\\AppData\\Local\\Packages\\Microsoft.AAD.BrokerPlugin_cw5n1h2txyewy\\Settings\\settings.dat","KeysUpdated":"5","DirtyPages":"1"},"process":{"pid":5680,"thread":{"id":5828}},"channel":"System"},"host":{"hostname":"DESKTOP-QO518JF","name":"DESKTOP-QO518JF","architecture":"x86_64","os":{"family":"windows","name":"Windows 10 Pro","kernel":"10.0.18362.418 (WinBuild.160101.0800)","build":"18362.418","platform":"windows","version":"10.0"},"id":"637ca163-9857-4d1e-8621-c92e15fd3515"},"agent":{"hostname":"DESKTOP-QO518JF","id":"08ae2f01-6412-4a03-82c4-8b0f05bb8cd7","version":"7.4.2","type":"winlogbeat","ephemeral_id":"943baae3-5fc9-4280-9619-97341f986923"},"ecs":{"version":"1.1.0"},"event":{"kind":"event","code":16,"created":"2019-11-12T14:20:43.743Z"}}
{"index":{"_index":"winlogbeat-7.4.2"}}
{"@timestamp":"2019-11-12T14:06:11.264Z","agent":{"type":"winlogbeat","ephemeral_id":"943baae3-5fc9-4280-9619-97341f986923","hostname":"DESKTOP-QO518JF","id":"08ae2f01-6412-4a03-82c4-8b0f05bb8cd7","version":"7.4.2"},"ecs":{"version":"1.1.0"},"host":{"name":"DESKTOP-QO518JF","hostname":"DESKTOP-QO518JF","architecture":"x86_64","os":{"platform":"windows","version":"10.0","family":"windows","name":"Windows 10 Pro","kernel":"10.0.18362.418 (WinBuild.160101.0800)","build":"18362.418"},"id":"637ca163-9857-4d1e-8621-c92e15fd3515"},"message":"The access history in hive \\??\\C:\\Users\\John\\AppData\\Local\\Packages\\Microsoft.YourPhone_8wekyb3d8bbwe\\Settings\\settings.dat was cleared updating 21 keys and creating 5 modified pages.","winlog":{"channel":"System","record_id":3444,"computer_name":"DESKTOP-QO518JF","user":{"type":"Well Known Group","identifier":"S-1-5-18","name":"SYSTEM","domain":"NT AUTHORITY"},"event_data":{"HiveNameLength":"96","HiveName":"\\??\\C:\\Users\\John\\AppData\\Local\\Packages\\Microsoft.YourPhone_8wekyb3d8bbwe\\Settings\\settings.dat","KeysUpdated":"21","DirtyPages":"5"},"event_id":16,"provider_name":"Microsoft-Windows-Kernel-General","provider_guid":"{a68ca8b7-004f-d7b6-a698-07e2de0f1f5d}","process":{"pid":5300,"thread":{"id":6120}},"task":"","api":"wineventlog","opcode":"Info"},"event":{"kind":"event","code":16,"created":"2019-11-12T14:20:43.743Z"},"log":{"level":"information"}}
{"index":{"_index":"winlogbeat-7.4.2"}}
{"@timestamp":"2019-11-12T14:06:18.352Z","agent":{"hostname":"DESKTOP-QO518JF","id":"08ae2f01-6412-4a03-82c4-8b0f05bb8cd7","version":"7.4.2","type":"winlogbeat","ephemeral_id":"943baae3-5fc9-4280-9619-97341f986923"},"winlog":{"user":{"type":"Well Known Group","identifier":"S-1-5-18","name":"SYSTEM","domain":"NT AUTHORITY"},"event_data":{"HiveNameLength":"104","HiveName":"\\??\\C:\\Users\\John\\AppData\\Local\\Packages\\Microsoft.XboxGamingOverlay_8wekyb3d8bbwe\\Settings\\settings.dat","KeysUpdated":"2","DirtyPages":"1"},"provider_name":"Microsoft-Windows-Kernel-General","computer_name":"DESKTOP-QO518JF","task":"","process":{"pid":6480,"thread":{"id":6576}},"api":"wineventlog","provider_guid":"{a68ca8b7-004f-d7b6-a698-07e2de0f1f5d}","channel":"System","record_id":3445,"opcode":"Info","event_id":16},"event":{"code":16,"created":"2019-11-12T14:20:43.743Z","kind":"event"},"log":{"level":"information"},"message":"The access history in hive \\??\\C:\\Users\\John\\AppData\\Local\\Packages\\Microsoft.XboxGamingOverlay_8wekyb3d8bbwe\\Settings\\settings.dat was cleared updating 2 keys and creating 1 modified pages.","ecs":{"version":"1.1.0"},"host":{"os":{"name":"Windows 10 Pro","kernel":"10.0.18362.418 (WinBuild.160101.0800)","build":"18362.418","platform":"windows","version":"10.0","family":"windows"},"id":"637ca163-9857-4d1e-8621-c92e15fd3515","hostname":"DESKTOP-QO518JF","name":"DESKTOP-QO518JF","architecture":"x86_64"}}
{"index":{"_index":"winlogbeat-7.4.2"}}
{"@timestamp":"2019-11-12T14:06:18.758Z","message":"The access history in hive \\??\\C:\\ProgramData\\Packages\\Microsoft.XboxGamingOverlay_8wekyb3d8bbwe\\S-1-5-21-228574043-1430667305-1849713912-1001\\SystemAppData\\Helium\\User.dat was cleared updating 1 keys and creating 1 modified pages.","agent":{"type":"winlogbeat","ephemeral_id":"943baae3-5fc9-4280-9619-97341f986923","hostname":"DESKTOP-QO518JF","id":"08ae2f01-6412-4a03-82c4-8b0f05bb8cd7","version":"7.4.2"},"ecs":{"version":"1.1.0"},"host":{"hostname":"DESKTOP-QO518JF","architecture":"x86_64","name":"DESKTOP-QO518JF","os":{"kernel":"10.0.18362.418 (WinBuild.160101.0800)","build":"18362.418","platform":"windows","version":"10.0","family":"windows","name":"Windows 10 Pro"},"id":"637ca163-9857-4d1e-8621-c92e15fd3515"},"winlog":{"provider_name":"Microsoft-Windows-Kernel-General","process":{"pid":788,"thread":{"id":2836}},"user":{"identifier":"S-1-5-18","name":"SYSTEM","domain":"NT AUTHORITY","type":"Well Known Group"},"task":"","computer_name":"DESKTOP-QO518JF","event_data":{"DirtyPages":"1","HiveNameLength":"145","HiveName":"\\??\\C:\\ProgramData\\Packages\\Microsoft.XboxGamingOverlay_8wekyb3d8bbwe\\S-1-5-21-228574043-1430667305-1849713912-1001\\SystemAppData\\Helium\\User.dat","KeysUpdated":"1"},"api":"wineventlog","opcode":"Info","provider_guid":"{a68ca8b7-004f-d7b6-a698-07e2de0f1f5d}","event_id":16,"record_id":3446,"channel":"System"},"event":{"kind":"event","code":16,"created":"2019-11-12T14:20:43.743Z"},"log":{"level":"information"}}
{"index":{"_index":"winlogbeat-7.4.2"}}
{"@timestamp":"2019-11-12T14:06:18.767Z","event":{"kind":"event","code":16,"created":"2019-11-12T14:20:43.743Z"},"log":{"level":"information"},"message":"The access history in hive \\??\\C:\\ProgramData\\Packages\\Microsoft.XboxGamingOverlay_8wekyb3d8bbwe\\S-1-5-21-228574043-1430667305-1849713912-1001\\SystemAppData\\Helium\\UserClasses.dat was cleared updating 1 keys and creating 1 modified pages.","host":{"architecture":"x86_64","os":{"build":"18362.418","platform":"windows","version":"10.0","family":"windows","name":"Windows 10 Pro","kernel":"10.0.18362.418 (WinBuild.160101.0800)"},"id":"637ca163-9857-4d1e-8621-c92e15fd3515","name":"DESKTOP-QO518JF","hostname":"DESKTOP-QO518JF"},"agent":{"type":"winlogbeat","ephemeral_id":"943baae3-5fc9-4280-9619-97341f986923","hostname":"DESKTOP-QO518JF","id":"08ae2f01-6412-4a03-82c4-8b0f05bb8cd7","version":"7.4.2"},"ecs":{"version":"1.1.0"},"winlog":{"provider_name":"Microsoft-Windows-Kernel-General","opcode":"Info","channel":"System","computer_name":"DESKTOP-QO518JF","event_data":{"DirtyPages":"1","HiveNameLength":"152","HiveName":"\\??\\C:\\ProgramData\\Packages\\Microsoft.XboxGamingOverlay_8wekyb3d8bbwe\\S-1-5-21-228574043-1430667305-1849713912-1001\\SystemAppData\\Helium\\UserClasses.dat","KeysUpdated":"1"},"api":"wineventlog","user":{"domain":"NT AUTHORITY","type":"Well Known Group","identifier":"S-1-5-18","name":"SYSTEM"},"task":"","provider_guid":"{a68ca8b7-004f-d7b6-a698-07e2de0f1f5d}","process":{"thread":{"id":2836},"pid":788},"event_id":16,"record_id":3447}}
{"index":{"_index":"winlogbeat-7.4.2"}}
{"@timestamp":"2019-11-12T14:06:18.903Z","event":{"kind":"event","code":6,"created":"2019-11-12T14:20:43.743Z"},"log":{"level":"information"},"message":"File System Filter 'bindflt' (10.0, ...1991...-...12...-...20T16:42:18.000000000Z) has successfully loaded and registered with Filter Manager.","agent":{"ephemeral_id":"943baae3-5fc9-4280-9619-97341f986923","hostname":"DESKTOP-QO518JF","id":"08ae2f01-6412-4a03-82c4-8b0f05bb8cd7","version":"7.4.2","type":"winlogbeat"},"ecs":{"version":"1.1.0"},"host":{"name":"DESKTOP-QO518JF","architecture":"x86_64","os":{"version":"10.0","family":"windows","name":"Windows 10 Pro","kernel":"10.0.18362.418 (WinBuild.160101.0800)","build":"18362.418","platform":"windows"},"id":"637ca163-9857-4d1e-8621-c92e15fd3515","hostname":"DESKTOP-QO518JF"},"winlog":{"record_id":3448,"opcode":"Info","process":{"pid":4,"thread":{"id":128}},"user":{"identifier":"S-1-5-18","name":"SYSTEM","domain":"NT AUTHORITY","type":"Well Known Group"},"event_data":{"FinalStatus":"0x0","DeviceVersionMajor":"10","DeviceVersionMinor":"0","DeviceNameLength":"7","DeviceName":"bindflt","DeviceTime":"1991-12-20T16:42:18.000000000Z"},"computer_name":"DESKTOP-QO518JF","provider_guid":"{f3c5e28e-63f6-49c7-a204-e48a1bc4b09d}","event_id":6,"channel":"System","task":"","api":"wineventlog","provider_name":"Microsoft-Windows-FilterManager"}}
{"index":{"_index":"winlogbeat-7.4.2"}}
{"@timestamp":"2019-11-12T14:06:22.847Z","message":"The access history in hive \\??\\C:\\Users\\John\\AppData\\Local\\Packages\\InputApp_cw5n1h2txyewy\\Settings\\settings.dat was cleared updating 2 keys and creating 1 modified pages.","winlog":{"user":{"domain":"NT AUTHORITY","type":"Well Known Group","identifier":"S-1-5-18","name":"SYSTEM"},"event_data":{"HiveNameLength":"85","HiveName":"\\??\\C:\\Users\\John\\AppData\\Local\\Packages\\InputApp_cw5n1h2txyewy\\Settings\\settings.dat","KeysUpdated":"2","DirtyPages":"1"},"provider_name":"Microsoft-Windows-Kernel-General","process":{"pid":4124,"thread":{"id":5140}},"api":"wineventlog","event_id":16,"task":"","computer_name":"DESKTOP-QO518JF","opcode":"Info","provider_guid":"{a68ca8b7-004f-d7b6-a698-07e2de0f1f5d}","channel":"System","record_id":3449},"ecs":{"version":"1.1.0"},"host":{"name":"DESKTOP-QO518JF","id":"637ca163-9857-4d1e-8621-c92e15fd3515","hostname":"DESKTOP-QO518JF","architecture":"x86_64","os":{"family":"windows","name":"Windows 10 Pro","kernel":"10.0.18362.418 (WinBuild.160101.0800)","build":"18362.418","platform":"windows","version":"10.0"}},"agent":{"ephemeral_id":"943baae3-5fc9-4280-9619-97341f986923","hostname":"DESKTOP-QO518JF","id":"08ae2f01-6412-4a03-82c4-8b0f05bb8cd7","version":"7.4.2","type":"winlogbeat"},"event":{"kind":"event","code":16,"created":"2019-11-12T14:20:43.743Z"},"log":{"level":"information"}}
{"index":{"_index":"winlogbeat-7.4.2"}}
{"@timestamp":"2019-11-12T14:06:23.809Z","message":"The access history in hive \\??\\C:\\Windows\\ServiceProfiles\\NetworkService\\AppData\\Local\\Microsoft\\Windows\\DeliveryOptimization\\State\\dosvcState.dat was cleared updating 19 keys and creating 6 modified pages.","ecs":{"version":"1.1.0"},"host":{"name":"DESKTOP-QO518JF","hostname":"DESKTOP-QO518JF","architecture":"x86_64","os":{"platform":"windows","version":"10.0","family":"windows","name":"Windows 10 Pro","kernel":"10.0.18362.418 (WinBuild.160101.0800)","build":"18362.418"},"id":"637ca163-9857-4d1e-8621-c92e15fd3515"},"agent":{"type":"winlogbeat","ephemeral_id":"943baae3-5fc9-4280-9619-97341f986923","hostname":"DESKTOP-QO518JF","id":"08ae2f01-6412-4a03-82c4-8b0f05bb8cd7","version":"7.4.2"},"winlog":{"event_id":16,"provider_guid":"{a68ca8b7-004f-d7b6-a698-07e2de0f1f5d}","user":{"identifier":"S-1-5-18","name":"SYSTEM","domain":"NT AUTHORITY","type":"Well Known Group"},"channel":"System","task":"","api":"wineventlog","computer_name":"DESKTOP-QO518JF","record_id":3450,"opcode":"Info","event_data":{"HiveName":"\\??\\C:\\Windows\\ServiceProfiles\\NetworkService\\AppData\\Local\\Microsoft\\Windows\\DeliveryOptimization\\State\\dosvcState.dat","KeysUpdated":"19","DirtyPages":"6","HiveNameLength":"119"},"process":{"pid":7256,"thread":{"id":7272}},"provider_name":"Microsoft-Windows-Kernel-General"},"event":{"code":16,"created":"2019-11-12T14:20:43.743Z","kind":"event"},"log":{"level":"information"}}
{"index":{"_index":"winlogbeat-7.4.2"}}
{"@timestamp":"2019-11-12T14:06:24.690Z","agent":{"id":"08ae2f01-6412-4a03-82c4-8b0f05bb8cd7","version":"7.4.2","type":"winlogbeat","ephemeral_id":"943baae3-5fc9-4280-9619-97341f986923","hostname":"DESKTOP-QO518JF"},"event":{"kind":"event","code":7040,"created":"2019-11-12T14:20:43.744Z"},"log":{"level":"information"},"message":"The start type of the Background Intelligent Transfer Service service was changed from demand start to auto start.","winlog":{"api":"wineventlog","computer_name":"DESKTOP-QO518JF","process":{"pid":672,"thread":{"id":2968}},"channel":"System","record_id":3451,"event_id":7040,"provider_name":"Service Control Manager","keywords":["Classic"],"task":"","provider_guid":"{555908d1-a6d7-4695-8e1e-26931d2012f4}","user":{"domain":"NT AUTHORITY","type":"Well Known Group","identifier":"S-1-5-18","name":"SYSTEM"},"event_data":{"param2":"demand start","param3":"auto start","param4":"BITS","param1":"Background Intelligent Transfer Service"}},"ecs":{"version":"1.1.0"},"host":{"name":"DESKTOP-QO518JF","os":{"platform":"windows","version":"10.0","family":"windows","name":"Windows 10 Pro","kernel":"10.0.18362.418 (WinBuild.160101.0800)","build":"18362.418"},"id":"637ca163-9857-4d1e-8621-c92e15fd3515","hostname":"DESKTOP-QO518JF","architecture":"x86_64"}}
{"index":{"_index":"winlogbeat-7.4.2"}}
{"@timestamp":"2019-11-12T14:06:26.892Z","log":{"level":"information"},"message":"Windows Update started downloading an update.","winlog":{"event_id":44,"process":{"pid":788,"thread":{"id":4456}},"provider_name":"Microsoft-Windows-WindowsUpdateClient","keywords":["Download","Started"],"channel":"System","event_data":{"updateTitle":"Security Intelligence Update for Windows Defender Antivirus - KB2267602 (Version 1.305.1956.0)","updateGuid":"{f4a2dddf-9d8d-45cf-8d77-ac36a5c27784}","updateRevisionNumber":"200"},"version":1,"api":"wineventlog","computer_name":"DESKTOP-QO518JF","task":"Windows Update Agent","user":{"domain":"NT AUTHORITY","type":"Well Known Group","identifier":"S-1-5-18","name":"SYSTEM"},"provider_guid":"{945a8954-c147-4acd-923f-40c45405a658}","record_id":3452,"activity_id":"{45cfdecb-9962-0003-54e7-cf456299d501}","opcode":"Download"},"ecs":{"version":"1.1.0"},"host":{"name":"DESKTOP-QO518JF","architecture":"x86_64","os":{"build":"18362.418","platform":"windows","version":"10.0","family":"windows","name":"Windows 10 Pro","kernel":"10.0.18362.418 (WinBuild.160101.0800)"},"id":"637ca163-9857-4d1e-8621-c92e15fd3515","hostname":"DESKTOP-QO518JF"},"agent":{"id":"08ae2f01-6412-4a03-82c4-8b0f05bb8cd7","version":"7.4.2","type":"winlogbeat","ephemeral_id":"943baae3-5fc9-4280-9619-97341f986923","hostname":"DESKTOP-QO518JF"},"event":{"code":44,"action":"Windows Update Agent","created":"2019-11-12T14:20:43.744Z","kind":"event"}}
{"index":{"_index":"winlogbeat-7.4.2"}}
{"@timestamp":"2019-11-12T14:06:32.842Z","agent":{"version":"7.4.2","type":"winlogbeat","ephemeral_id":"943baae3-5fc9-4280-9619-97341f986923","hostname":"DESKTOP-QO518JF","id":"08ae2f01-6412-4a03-82c4-8b0f05bb8cd7"},"winlog":{"task":"Windows Update Agent","channel":"System","version":1,"process":{"pid":788,"thread":{"id":4456}},"provider_guid":"{945a8954-c147-4acd-923f-40c45405a658}","computer_name":"DESKTOP-QO518JF","activity_id":"{45cfdecb-9962-0003-54e7-cf456299d501}","keywords":["Installation","Started"],"event_id":43,"record_id":3453,"opcode":"Installation","user":{"identifier":"S-1-5-18","name":"SYSTEM","domain":"NT AUTHORITY","type":"Well Known Group"},"provider_name":"Microsoft-Windows-WindowsUpdateClient","api":"wineventlog","event_data":{"updateTitle":"Security Intelligence Update for Windows Defender Antivirus - KB2267602 (Version 1.305.1956.0)","updateGuid":"{f4a2dddf-9d8d-45cf-8d77-ac36a5c27784}","updateRevisionNumber":"200"}},"event":{"kind":"event","code":43,"action":"Windows Update Agent","created":"2019-11-12T14:20:43.744Z"},"log":{"level":"information"},"message":"Installation Started: Windows has started installing the following update: Security Intelligence Update for Windows Defender Antivirus - KB2267602 (Version 1.305.1956.0)","ecs":{"version":"1.1.0"},"host":{"os":{"platform":"windows","version":"10.0","family":"windows","name":"Windows 10 Pro","kernel":"10.0.18362.418 (WinBuild.160101.0800)","build":"18362.418"},"id":"637ca163-9857-4d1e-8621-c92e15fd3515","name":"DESKTOP-QO518JF","hostname":"DESKTOP-QO518JF","architecture":"x86_64"}}
{"index":{"_index":"winlogbeat-7.4.2"}}
{"@timestamp":"2019-11-12T14:06:34.381Z","agent":{"type":"winlogbeat","ephemeral_id":"943baae3-5fc9-4280-9619-97341f986923","hostname":"DESKTOP-QO518JF","id":"08ae2f01-6412-4a03-82c4-8b0f05bb8cd7","version":"7.4.2"},"winlog":{"task":"","computer_name":"DESKTOP-QO518JF","provider_name":"Microsoft-Windows-DistributedCOM","user":{"name":"John","domain":"DESKTOP-QO518JF","type":"User","identifier":"S-1-5-21-228574043-1430667305-1849713912-1001"},"opcode":"Info","activity_id":"{a1884158-ea91-482a-8da3-9dbe7a732d94}","keywords":["Classic"],"provider_guid":"{1B562E86-B7AA-4131-BADC-B6F3A001407E}","event_data":{"param11":"S-1-15-2-155514346-2573954481-755741238-1654018636-1233331829-3075935687-2861478708","param1":"machine-default","param4":"{C2F03A33-21F5-47FA-B4BB-156362A2F239}","param7":"John","param8":"S-1-5-21-228574043-1430667305-1849713912-1001","param10":"Microsoft.Windows.ShellExperienceHost_10.0.18362.387_neutral_neutral_cw5n1h2txyewy","param3":"Activation","param5":"{316CDED5-E4AE-4B15-9113-7055D84DCC97}","param6":"DESKTOP-QO518JF","param2":"Local","param9":"LocalHost (Using LRPC)"},"record_id":3454,"channel":"System","event_id":10016,"api":"wineventlog","process":{"pid":916,"thread":{"id":944}}},"event":{"created":"2019-11-12T14:20:43.744Z","kind":"event","code":10016},"log":{"level":"warning"},"message":"The machine-default permission settings do not grant Local Activation permission for the COM Server application with CLSID \n{C2F03A33-21F5-47FA-B4BB-156362A2F239}\n and APPID \n{316CDED5-E4AE-4B15-9113-7055D84DCC97}\n to the user DESKTOP-QO518JF\\John SID (S-1-5-21-228574043-1430667305-1849713912-1001) from address LocalHost (Using LRPC) running in the application container Microsoft.Windows.ShellExperienceHost_10.0.18362.387_neutral_neutral_cw5n1h2txyewy SID (S-1-15-2-155514346-2573954481-755741238-1654018636-1233331829-3075935687-2861478708). This security permission can be modified using the Component Services administrative tool.","ecs":{"version":"1.1.0"},"host":{"id":"637ca163-9857-4d1e-8621-c92e15fd3515","hostname":"DESKTOP-QO518JF","architecture":"x86_64","os":{"kernel":"10.0.18362.418 (WinBuild.160101.0800)","build":"18362.418","platform":"windows","version":"10.0","family":"windows","name":"Windows 10 Pro"},"name":"DESKTOP-QO518JF"}}
{"index":{"_index":"winlogbeat-7.4.2"}}
{"@timestamp":"2019-11-12T14:06:35.315Z","ecs":{"version":"1.1.0"},"host":{"id":"637ca163-9857-4d1e-8621-c92e15fd3515","hostname":"DESKTOP-QO518JF","architecture":"x86_64","name":"DESKTOP-QO518JF","os":{"kernel":"10.0.18362.418 (WinBuild.160101.0800)","build":"18362.418","platform":"windows","version":"10.0","family":"windows","name":"Windows 10 Pro"}},"agent":{"hostname":"DESKTOP-QO518JF","id":"08ae2f01-6412-4a03-82c4-8b0f05bb8cd7","version":"7.4.2","type":"winlogbeat","ephemeral_id":"943baae3-5fc9-4280-9619-97341f986923"},"event":{"kind":"event","code":16,"created":"2019-11-12T14:20:43.744Z"},"log":{"level":"information"},"message":"The access history in hive \\??\\C:\\Users\\John\\AppData\\Local\\Packages\\Microsoft.Windows.ShellExperienceHost_cw5n1h2txyewy\\Settings\\settings.dat was cleared updating 2 keys and creating 1 modified pages.","winlog":{"provider_guid":"{a68ca8b7-004f-d7b6-a698-07e2de0f1f5d}","process":{"pid":7956,"thread":{"id":7984}},"record_id":3455,"task":"","opcode":"Info","channel":"System","api":"wineventlog","provider_name":"Microsoft-Windows-Kernel-General","event_data":{"HiveNameLength":"114","HiveName":"\\??\\C:\\Users\\John\\AppData\\Local\\Packages\\Microsoft.Windows.ShellExperienceHost_cw5n1h2txyewy\\Settings\\settings.dat","KeysUpdated":"2","DirtyPages":"1"},"event_id":16,"computer_name":"DESKTOP-QO518JF","user":{"identifier":"S-1-5-18","name":"SYSTEM","domain":"NT AUTHORITY","type":"Well Known Group"}}}
{"index":{"_index":"winlogbeat-7.4.2"}}
{"@timestamp":"2019-11-12T14:06:37.924Z","event":{"kind":"event","code":16,"created":"2019-11-12T14:20:43.744Z"},"log":{"level":"information"},"ecs":{"version":"1.1.0"},"host":{"id":"637ca163-9857-4d1e-8621-c92e15fd3515","name":"DESKTOP-QO518JF","hostname":"DESKTOP-QO518JF","architecture":"x86_64","os":{"name":"Windows 10 Pro","kernel":"10.0.18362.418 (WinBuild.160101.0800)","build":"18362.418","platform":"windows","version":"10.0","family":"windows"}},"agent":{"version":"7.4.2","type":"winlogbeat","ephemeral_id":"943baae3-5fc9-4280-9619-97341f986923","hostname":"DESKTOP-QO518JF","id":"08ae2f01-6412-4a03-82c4-8b0f05bb8cd7"},"message":"The access history in hive \\??\\C:\\Windows\\Appcompat\\Programs\\EncapsulationLogging.hve was cleared updating 5 keys and creating 1 modified pages.","winlog":{"user":{"type":"Well Known Group","identifier":"S-1-5-18","name":"SYSTEM","domain":"NT AUTHORITY"},"provider_name":"Microsoft-Windows-Kernel-General","computer_name":"DESKTOP-QO518JF","opcode":"Info","event_id":16,"api":"wineventlog","provider_guid":"{a68ca8b7-004f-d7b6-a698-07e2de0f1f5d}","process":{"pid":1048,"thread":{"id":7364}},"event_data":{"HiveNameLength":"58","HiveName":"\\??\\C:\\Windows\\Appcompat\\Programs\\EncapsulationLogging.hve","KeysUpdated":"5","DirtyPages":"1"},"channel":"System","record_id":3456,"task":""}}
{"index":{"_index":"winlogbeat-7.4.2"}}
{"@timestamp":"2019-11-12T14:07:21.377Z","winlog":{"keywords":["Installation","Success"],"computer_name":"DESKTOP-QO518JF","user":{"type":"Well Known Group","identifier":"S-1-5-18","name":"SYSTEM","domain":"NT AUTHORITY"},"opcode":"Installation","event_data":{"updateGuid":"{f4a2dddf-9d8d-45cf-8d77-ac36a5c27784}","updateRevisionNumber":"200","serviceGuid":"{9482f4b4-e343-43b6-b170-9a65bc822c77}","updateTitle":"Security Intelligence Update for Windows Defender Antivirus - KB2267602 (Version 1.305.1956.0)"},"record_id":3457,"version":1,"task":"Windows Update Agent","activity_id":"{45cfdecb-9962-0003-54e7-cf456299d501}","provider_name":"Microsoft-Windows-WindowsUpdateClient","process":{"pid":788,"thread":{"id":4456}},"api":"wineventlog","provider_guid":"{945a8954-c147-4acd-923f-40c45405a658}","channel":"System","event_id":19},"event":{"created":"2019-11-12T14:20:43.744Z","kind":"event","code":19,"action":"Windows Update Agent"},"log":{"level":"information"},"message":"Installation Successful: Windows successfully installed the following update: Security Intelligence Update for Windows Defender Antivirus - KB2267602 (Version 1.305.1956.0)","host":{"architecture":"x86_64","os":{"platform":"windows","version":"10.0","family":"windows","name":"Windows 10 Pro","kernel":"10.0.18362.418 (WinBuild.160101.0800)","build":"18362.418"},"id":"637ca163-9857-4d1e-8621-c92e15fd3515","hostname":"DESKTOP-QO518JF","name":"DESKTOP-QO518JF"},"agent":{"id":"08ae2f01-6412-4a03-82c4-8b0f05bb8cd7","version":"7.4.2","type":"winlogbeat","ephemeral_id":"943baae3-5fc9-4280-9619-97341f986923","hostname":"DESKTOP-QO518JF"},"ecs":{"version":"1.1.0"}}
{"index":{"_index":"winlogbeat-7.4.2"}}
{"@timestamp":"2019-11-12T14:08:04.944Z","message":"The access history in hive \\??\\C:\\Users\\John\\AppData\\Local\\Packages\\Microsoft.Windows.ContentDeliveryManager_cw5n1h2txyewy\\Settings\\settings.dat was cleared updating 255 keys and creating 30 modified pages.","host":{"os":{"platform":"windows","version":"10.0","family":"windows","name":"Windows 10 Pro","kernel":"10.0.18362.418 (WinBuild.160101.0800)","build":"18362.418"},"id":"637ca163-9857-4d1e-8621-c92e15fd3515","name":"DESKTOP-QO518JF","hostname":"DESKTOP-QO518JF","architecture":"x86_64"},"agent":{"hostname":"DESKTOP-QO518JF","id":"08ae2f01-6412-4a03-82c4-8b0f05bb8cd7","version":"7.4.2","type":"winlogbeat","ephemeral_id":"943baae3-5fc9-4280-9619-97341f986923"},"ecs":{"version":"1.1.0"},"winlog":{"computer_name":"DESKTOP-QO518JF","process":{"pid":4536,"thread":{"id":5468}},"provider_guid":"{a68ca8b7-004f-d7b6-a698-07e2de0f1f5d}","user":{"identifier":"S-1-5-18","name":"SYSTEM","domain":"NT AUTHORITY","type":"Well Known Group"},"event_data":{"HiveNameLength":"117","HiveName":"\\??\\C:\\Users\\John\\AppData\\Local\\Packages\\Microsoft.Windows.ContentDeliveryManager_cw5n1h2txyewy\\Settings\\settings.dat","KeysUpdated":"255","DirtyPages":"30"},"channel":"System","event_id":16,"record_id":3458,"opcode":"Info","provider_name":"Microsoft-Windows-Kernel-General","task":"","api":"wineventlog"},"event":{"kind":"event","code":16,"created":"2019-11-12T14:20:43.744Z"},"log":{"level":"information"}}
{"index":{"_index":"winlogbeat-7.4.2"}}
{"@timestamp":"2019-11-12T14:08:05.039Z","message":"The access history in hive \\??\\C:\\Users\\John\\AppData\\Local\\Packages\\microsoft.windowscommunicationsapps_8wekyb3d8bbwe\\Settings\\settings.dat was cleared updating 33 keys and creating 4 modified pages.","agent":{"ephemeral_id":"943baae3-5fc9-4280-9619-97341f986923","hostname":"DESKTOP-QO518JF","id":"08ae2f01-6412-4a03-82c4-8b0f05bb8cd7","version":"7.4.2","type":"winlogbeat"},"ecs":{"version":"1.1.0"},"host":{"name":"DESKTOP-QO518JF","os":{"kernel":"10.0.18362.418 (WinBuild.160101.0800)","build":"18362.418","platform":"windows","version":"10.0","family":"windows","name":"Windows 10 Pro"},"id":"637ca163-9857-4d1e-8621-c92e15fd3515","hostname":"DESKTOP-QO518JF","architecture":"x86_64"},"winlog":{"task":"","user":{"identifier":"S-1-5-18","name":"SYSTEM","domain":"NT AUTHORITY","type":"Well Known Group"},"event_data":{"DirtyPages":"4","HiveNameLength":"112","HiveName":"\\??\\C:\\Users\\John\\AppData\\Local\\Packages\\microsoft.windowscommunicationsapps_8wekyb3d8bbwe\\Settings\\settings.dat","KeysUpdated":"33"},"api":"wineventlog","provider_guid":"{a68ca8b7-004f-d7b6-a698-07e2de0f1f5d}","process":{"pid":5160,"thread":{"id":1412}},"channel":"System","record_id":3459,"provider_name":"Microsoft-Windows-Kernel-General","computer_name":"DESKTOP-QO518JF","event_id":16,"opcode":"Info"},"event":{"created":"2019-11-12T14:20:43.744Z","kind":"event","code":16},"log":{"level":"information"}}
{"index":{"_index":"winlogbeat-7.4.2"}}
{"@timestamp":"2019-11-12T14:08:06.051Z","host":{"name":"DESKTOP-QO518JF","id":"637ca163-9857-4d1e-8621-c92e15fd3515","hostname":"DESKTOP-QO518JF","architecture":"x86_64","os":{"build":"18362.418","platform":"windows","version":"10.0","family":"windows","name":"Windows 10 Pro","kernel":"10.0.18362.418 (WinBuild.160101.0800)"}},"agent":{"ephemeral_id":"943baae3-5fc9-4280-9619-97341f986923","hostname":"DESKTOP-QO518JF","id":"08ae2f01-6412-4a03-82c4-8b0f05bb8cd7","version":"7.4.2","type":"winlogbeat"},"winlog":{"event_id":16,"task":"","opcode":"Info","provider_guid":"{a68ca8b7-004f-d7b6-a698-07e2de0f1f5d}","provider_name":"Microsoft-Windows-Kernel-General","record_id":3460,"api":"wineventlog","event_data":{"HiveName":"\\??\\C:\\Users\\John\\AppData\\Local\\Packages\\Microsoft.OneConnect_8wekyb3d8bbwe\\Settings\\settings.dat","KeysUpdated":"2","DirtyPages":"1","HiveNameLength":"97"},"computer_name":"DESKTOP-QO518JF","process":{"thread":{"id":2908},"pid":8000},"user":{"identifier":"S-1-5-18","name":"SYSTEM","domain":"NT AUTHORITY","type":"Well Known Group"},"channel":"System"},"event":{"kind":"event","code":16,"created":"2019-11-12T14:20:43.744Z"},"log":{"level":"information"},"message":"The access history in hive \\??\\C:\\Users\\John\\AppData\\Local\\Packages\\Microsoft.OneConnect_8wekyb3d8bbwe\\Settings\\settings.dat was cleared updating 2 keys and creating 1 modified pages.","ecs":{"version":"1.1.0"}}
{"index":{"_index":"winlogbeat-7.4.2"}}
{"@timestamp":"2019-11-12T14:08:06.279Z","host":{"hostname":"DESKTOP-QO518JF","name":"DESKTOP-QO518JF","architecture":"x86_64","os":{"family":"windows","name":"Windows 10 Pro","kernel":"10.0.18362.418 (WinBuild.160101.0800)","build":"18362.418","platform":"windows","version":"10.0"},"id":"637ca163-9857-4d1e-8621-c92e15fd3515"},"agent":{"ephemeral_id":"943baae3-5fc9-4280-9619-97341f986923","hostname":"DESKTOP-QO518JF","id":"08ae2f01-6412-4a03-82c4-8b0f05bb8cd7","version":"7.4.2","type":"winlogbeat"},"ecs":{"version":"1.1.0"},"winlog":{"task":"","process":{"thread":{"id":1160},"pid":7912},"channel":"System","event_data":{"DirtyPages":"2","HiveNameLength":"99","HiveName":"\\??\\C:\\Users\\John\\AppData\\Local\\Packages\\Microsoft.WindowsStore_8wekyb3d8bbwe\\Settings\\settings.dat","KeysUpdated":"14"},"event_id":16,"provider_name":"Microsoft-Windows-Kernel-General","record_id":3461,"computer_name":"DESKTOP-QO518JF","opcode":"Info","provider_guid":"{a68ca8b7-004f-d7b6-a698-07e2de0f1f5d}","api":"wineventlog","user":{"identifier":"S-1-5-18","name":"SYSTEM","domain":"NT AUTHORITY","type":"Well Known Group"}},"event":{"kind":"event","code":16,"created":"2019-11-12T14:20:43.744Z"},"log":{"level":"information"},"message":"The access history in hive \\??\\C:\\Users\\John\\AppData\\Local\\Packages\\Microsoft.WindowsStore_8wekyb3d8bbwe\\Settings\\settings.dat was cleared updating 14 keys and creating 2 modified pages."}
{"index":{"_index":"winlogbeat-7.4.2"}}
{"@timestamp":"2019-11-12T14:08:06.356Z","event":{"created":"2019-11-12T14:20:43.744Z","kind":"event","code":16},"log":{"level":"information"},"message":"The access history in hive \\??\\C:\\Users\\John\\AppData\\Local\\Packages\\Microsoft.SkypeApp_kzf8qxf38zg5c\\Settings\\settings.dat was cleared updating 2 keys and creating 1 modified pages.","ecs":{"version":"1.1.0"},"host":{"id":"637ca163-9857-4d1e-8621-c92e15fd3515","name":"DESKTOP-QO518JF","hostname":"DESKTOP-QO518JF","architecture":"x86_64","os":{"platform":"windows","version":"10.0","family":"windows","name":"Windows 10 Pro","kernel":"10.0.18362.418 (WinBuild.160101.0800)","build":"18362.418"}},"agent":{"ephemeral_id":"943baae3-5fc9-4280-9619-97341f986923","hostname":"DESKTOP-QO518JF","id":"08ae2f01-6412-4a03-82c4-8b0f05bb8cd7","version":"7.4.2","type":"winlogbeat"},"winlog":{"provider_guid":"{a68ca8b7-004f-d7b6-a698-07e2de0f1f5d}","process":{"pid":544,"thread":{"id":5316}},"computer_name":"DESKTOP-QO518JF","user":{"name":"SYSTEM","domain":"NT AUTHORITY","type":"Well Known Group","identifier":"S-1-5-18"},"event_data":{"HiveName":"\\??\\C:\\Users\\John\\AppData\\Local\\Packages\\Microsoft.SkypeApp_kzf8qxf38zg5c\\Settings\\settings.dat","KeysUpdated":"2","DirtyPages":"1","HiveNameLength":"95"},"api":"wineventlog","task":"","opcode":"Info","channel":"System","provider_name":"Microsoft-Windows-Kernel-General","event_id":16,"record_id":3462}}
{"index":{"_index":"winlogbeat-7.4.2"}}
{"@timestamp":"2019-11-12T14:08:06.504Z","event":{"code":10016,"created":"2019-11-12T14:20:43.744Z","kind":"event"},"log":{"level":"warning"},"message":"The application-specific permission settings do not grant Local Launch permission for the COM Server application with CLSID \nWindows.SecurityCenter.SecurityAppBroker\n and APPID \nUnavailable\n to the user NT AUTHORITY\\SYSTEM SID (S-1-5-18) from address LocalHost (Using LRPC) running in the application container Unavailable SID (Unavailable). This security permission can be modified using the Component Services administrative tool.","agent":{"version":"7.4.2","type":"winlogbeat","ephemeral_id":"943baae3-5fc9-4280-9619-97341f986923","hostname":"DESKTOP-QO518JF","id":"08ae2f01-6412-4a03-82c4-8b0f05bb8cd7"},"ecs":{"version":"1.1.0"},"host":{"name":"DESKTOP-QO518JF","id":"637ca163-9857-4d1e-8621-c92e15fd3515","hostname":"DESKTOP-QO518JF","architecture":"x86_64","os":{"platform":"windows","version":"10.0","family":"windows","name":"Windows 10 Pro","kernel":"10.0.18362.418 (WinBuild.160101.0800)","build":"18362.418"}},"winlog":{"user":{"identifier":"S-1-5-18","name":"SYSTEM","domain":"NT AUTHORITY","type":"Well Known Group"},"api":"wineventlog","keywords":["Classic"],"record_id":3463,"computer_name":"DESKTOP-QO518JF","process":{"pid":916,"thread":{"id":1080}},"channel":"System","task":"","provider_name":"Microsoft-Windows-DistributedCOM","event_data":{"param7":"SYSTEM","param11":"Unavailable","param2":"Local","param4":"Windows.SecurityCenter.SecurityAppBroker","param10":"Unavailable","param3":"Launch","param5":"Unavailable","param6":"NT AUTHORITY","param8":"S-1-5-18","param1":"application-specific","param9":"LocalHost (Using LRPC)"},"event_id":10016,"provider_guid":"{1B562E86-B7AA-4131-BADC-B6F3A001407E}","activity_id":"{41d164d0-d7a5-4e9c-9d24-49e8d8885655}","opcode":"Info"}}
{"index":{"_index":"winlogbeat-7.4.2"}}
{"@timestamp":"2019-11-12T14:08:06.504Z","log":{"level":"warning"},"message":"The application-specific permission settings do not grant Local Launch permission for the COM Server application with CLSID \nWindows.SecurityCenter.WscDataProtection\n and APPID \nUnavailable\n to the user NT AUTHORITY\\SYSTEM SID (S-1-5-18) from address LocalHost (Using LRPC) running in the application container Unavailable SID (Unavailable). This security permission can be modified using the Component Services administrative tool.","ecs":{"version":"1.1.0"},"host":{"id":"637ca163-9857-4d1e-8621-c92e15fd3515","name":"DESKTOP-QO518JF","hostname":"DESKTOP-QO518JF","architecture":"x86_64","os":{"name":"Windows 10 Pro","kernel":"10.0.18362.418 (WinBuild.160101.0800)","build":"18362.418","platform":"windows","version":"10.0","family":"windows"}},"agent":{"hostname":"DESKTOP-QO518JF","id":"08ae2f01-6412-4a03-82c4-8b0f05bb8cd7","version":"7.4.2","type":"winlogbeat","ephemeral_id":"943baae3-5fc9-4280-9619-97341f986923"},"winlog":{"provider_name":"Microsoft-Windows-DistributedCOM","activity_id":"{e95951f6-0dcb-4a0d-ab40-c00cdd030489}","process":{"pid":916,"thread":{"id":964}},"event_id":10016,"record_id":3464,"api":"wineventlog","task":"","computer_name":"DESKTOP-QO518JF","provider_guid":"{1B562E86-B7AA-4131-BADC-B6F3A001407E}","opcode":"Info","event_data":{"param4":"Windows.SecurityCenter.WscDataProtection","param7":"SYSTEM","param9":"LocalHost (Using LRPC)","param8":"S-1-5-18","param10":"Unavailable","param11":"Unavailable","param1":"application-specific","param5":"Unavailable","param6":"NT AUTHORITY","param3":"Launch","param2":"Local"},"keywords":["Classic"],"user":{"name":"SYSTEM","domain":"NT AUTHORITY","type":"Well Known Group","identifier":"S-1-5-18"},"channel":"System"},"event":{"created":"2019-11-12T14:20:43.744Z","kind":"event","code":10016}}
{"index":{"_index":"winlogbeat-7.4.2"}}
{"@timestamp":"2019-11-12T14:08:06.504Z","event":{"created":"2019-11-12T14:20:43.744Z","kind":"event","code":10016},"log":{"level":"warning"},"message":"The application-specific permission settings do not grant Local Launch permission for the COM Server application with CLSID \nWindows.SecurityCenter.WscBrokerManager\n and APPID \nUnavailable\n to the user NT AUTHORITY\\SYSTEM SID (S-1-5-18) from address LocalHost (Using LRPC) running in the application container Unavailable SID (Unavailable). This security permission can be modified using the Component Services administrative tool.","agent":{"type":"winlogbeat","ephemeral_id":"943baae3-5fc9-4280-9619-97341f986923","hostname":"DESKTOP-QO518JF","id":"08ae2f01-6412-4a03-82c4-8b0f05bb8cd7","version":"7.4.2"},"ecs":{"version":"1.1.0"},"host":{"name":"DESKTOP-QO518JF","hostname":"DESKTOP-QO518JF","architecture":"x86_64","os":{"build":"18362.418","platform":"windows","version":"10.0","family":"windows","name":"Windows 10 Pro","kernel":"10.0.18362.418 (WinBuild.160101.0800)"},"id":"637ca163-9857-4d1e-8621-c92e15fd3515"},"winlog":{"event_id":10016,"api":"wineventlog","event_data":{"param9":"LocalHost (Using LRPC)","param11":"Unavailable","param1":"application-specific","param4":"Windows.SecurityCenter.WscBrokerManager","param5":"Unavailable","param8":"S-1-5-18","param7":"SYSTEM","param3":"Launch","param2":"Local","param6":"NT AUTHORITY","param10":"Unavailable"},"provider_name":"Microsoft-Windows-DistributedCOM","keywords":["Classic"],"provider_guid":"{1B562E86-B7AA-4131-BADC-B6F3A001407E}","process":{"thread":{"id":1268},"pid":916},"activity_id":"{b3521ba6-541f-4040-98f9-2a4ef9eab3ab}","computer_name":"DESKTOP-QO518JF","record_id":3465,"channel":"System","opcode":"Info","user":{"identifier":"S-1-5-18","name":"SYSTEM","domain":"NT AUTHORITY","type":"Well Known Group"},"task":""}}
{"index":{"_index":"winlogbeat-7.4.2"}}
{"@timestamp":"2019-11-12T14:09:54.993Z","event":{"kind":"event","code":7040,"created":"2019-11-12T14:20:43.744Z"},"host":{"hostname":"DESKTOP-QO518JF","architecture":"x86_64","os":{"kernel":"10.0.18362.418 (WinBuild.160101.0800)","build":"18362.418","platform":"windows","version":"10.0","family":"windows","name":"Windows 10 Pro"},"id":"637ca163-9857-4d1e-8621-c92e15fd3515","name":"DESKTOP-QO518JF"},"agent":{"hostname":"DESKTOP-QO518JF","id":"08ae2f01-6412-4a03-82c4-8b0f05bb8cd7","version":"7.4.2","type":"winlogbeat","ephemeral_id":"943baae3-5fc9-4280-9619-97341f986923"},"ecs":{"version":"1.1.0"},"log":{"level":"information"},"message":"The start type of the Background Intelligent Transfer Service service was changed from auto start to demand start.","winlog":{"keywords":["Classic"],"provider_guid":"{555908d1-a6d7-4695-8e1e-26931d2012f4}","computer_name":"DESKTOP-QO518JF","event_data":{"param1":"Background Intelligent Transfer Service","param2":"auto start","param3":"demand start","param4":"BITS"},"channel":"System","provider_name":"Service Control Manager","task":"","api":"wineventlog","user":{"domain":"NT AUTHORITY","type":"Well Known Group","identifier":"S-1-5-18","name":"SYSTEM"},"event_id":7040,"record_id":3466,"process":{"pid":672,"thread":{"id":3052}}}}
{"index":{"_index":"winlogbeat-7.4.2"}}
{"@timestamp":"2019-11-12T14:12:43.308Z","winlog":{"provider_name":"Service Control Manager","keywords":["Classic"],"channel":"System","computer_name":"DESKTOP-QO518JF","process":{"thread":{"id":2500},"pid":672},"event_id":7045,"task":"","provider_guid":"{555908d1-a6d7-4695-8e1e-26931d2012f4}","user":{"identifier":"S-1-5-21-228574043-1430667305-1849713912-1001","name":"John","domain":"DESKTOP-QO518JF","type":"User"},"event_data":{"StartType":"demand start","ServiceName":"inf","ImagePath":"C:\\syscalldrv\\kinfinityhook.sys","ServiceType":"kernel mode driver"},"record_id":3467,"api":"wineventlog"},"event":{"code":7045,"created":"2019-11-12T14:20:43.744Z","kind":"event"},"log":{"level":"information"},"message":"A service was installed in the system.\n\nService Name:  inf\nService File Name:  C:\\syscalldrv\\kinfinityhook.sys\nService Type:  kernel mode driver\nService Start Type:  demand start\nService Account:  ","host":{"name":"DESKTOP-QO518JF","hostname":"DESKTOP-QO518JF","architecture":"x86_64","os":{"family":"windows","name":"Windows 10 Pro","kernel":"10.0.18362.418 (WinBuild.160101.0800)","build":"18362.418","platform":"windows","version":"10.0"},"id":"637ca163-9857-4d1e-8621-c92e15fd3515"},"agent":{"ephemeral_id":"943baae3-5fc9-4280-9619-97341f986923","hostname":"DESKTOP-QO518JF","id":"08ae2f01-6412-4a03-82c4-8b0f05bb8cd7","version":"7.4.2","type":"winlogbeat"},"ecs":{"version":"1.1.0"}}
{"index":{"_index":"winlogbeat-7.4.2"}}
{"@timestamp":"2019-11-12T14:12:43.325Z","ecs":{"version":"1.1.0"},"host":{"name":"DESKTOP-QO518JF","os":{"name":"Windows 10 Pro","kernel":"10.0.18362.418 (WinBuild.160101.0800)","build":"18362.418","platform":"windows","version":"10.0","family":"windows"},"id":"637ca163-9857-4d1e-8621-c92e15fd3515","hostname":"DESKTOP-QO518JF","architecture":"x86_64"},"agent":{"hostname":"DESKTOP-QO518JF","id":"08ae2f01-6412-4a03-82c4-8b0f05bb8cd7","version":"7.4.2","type":"winlogbeat","ephemeral_id":"943baae3-5fc9-4280-9619-97341f986923"},"winlog":{"channel":"System","provider_name":"Service Control Manager","task":"","event_data":{"Binary":"69006E0066000000","param1":"inf","param2":"%%2"},"keywords":["Classic"],"computer_name":"DESKTOP-QO518JF","process":{"pid":672,"thread":{"id":2500}},"record_id":3468,"provider_guid":"{555908d1-a6d7-4695-8e1e-26931d2012f4}","event_id":7000,"api":"wineventlog"},"event":{"created":"2019-11-12T14:20:43.744Z","kind":"event","code":7000},"log":{"level":"error"},"message":"The inf service failed to start due to the following error: \nThe system cannot find the file specified."}
{"index":{"_index":"winlogbeat-7.4.2"}}
{"@timestamp":"2019-11-12T14:14:09.696Z","message":"Driver Loaded","ecs":{"version":"1.1.0"},"host":{"name":"DESKTOP-QO518JF","os":{"version":"10.0","family":"windows","name":"Windows 10 Pro","kernel":"10.0.18362.418 (WinBuild.160101.0800)","build":"18362.418","platform":"windows"},"id":"637ca163-9857-4d1e-8621-c92e15fd3515","hostname":"DESKTOP-QO518JF","architecture":"x86_64"},"agent":{"version":"7.4.2","type":"winlogbeat","ephemeral_id":"943baae3-5fc9-4280-9619-97341f986923","hostname":"DESKTOP-QO518JF","id":"08ae2f01-6412-4a03-82c4-8b0f05bb8cd7"},"winlog":{"provider_guid":"{b5a0bda9-50fe-4d0e-a83d-bae3f58c94d6}","api":"wineventlog","computer_name":"DESKTOP-QO518JF","event_data":{"opcode":"0","logging_started":"true"},"event_id":1,"opcode":"Start","process":{"thread":{"id":124},"pid":4},"channel":"System","task":"","user":{"name":"SYSTEM","domain":"NT AUTHORITY","type":"Well Known Group","identifier":"S-1-5-18"},"provider_name":"Call Logger","record_id":3469},"event":{"kind":"event","code":1,"created":"2019-11-12T14:20:43.744Z"},"log":{"level":"information"}}
